# JRE version: OpenJDK Runtime Environment (8.0_202-b03) (build 1.8.0_202-release-1483-b03)
# Java VM: OpenJDK 64-Bit Server VM (25.202-b03 mixed mode windows-amd64 compressed oops)
Heap:
 PSYoungGen      total 236032K, used 73936K [0x00000000e0000000, 0x00000000efb00000, 0x0000000100000000)
  eden space 220160K, 33% used [0x00000000e0000000,0x00000000e48340f8,0x00000000ed700000)
  from space 15872K, 0% used [0x00000000eeb80000,0x00000000eeb80000,0x00000000efb00000)
  to   space 18432K, 0% used [0x00000000ed700000,0x00000000ed700000,0x00000000ee900000)
 ParOldGen       total 78848K, used 34989K [0x00000000a0000000, 0x00000000a4d00000, 0x00000000e0000000)
  object space 78848K, 44% used [0x00000000a0000000,0x00000000a222b7a8,0x00000000a4d00000)
 Metaspace       used 60095K, capacity 62130K, committed 62424K, reserved 1103872K
  class space    used 8085K, capacity 8567K, committed 8664K, reserved 1048576K
GC Heap History (10 events):
Event: 20.738 GC heap before
{Heap before GC invocations=11 (full 1):
 PSYoungGen      total 126464K, used 43581K [0x00000000e0000000, 0x00000000ebd80000, 0x0000000100000000)
  eden space 117760K, 29% used [0x00000000e0000000,0x00000000e2212cb0,0x00000000e7300000)
  from space 8704K, 99% used [0x00000000e7300000,0x00000000e7b7cb28,0x00000000e7b80000)
  to   space 11776K, 0% used [0x00000000eb200000,0x00000000eb200000,0x00000000ebd80000)
 ParOldGen       total 30208K, used 12192K [0x00000000a0000000, 0x00000000a1d80000, 0x00000000e0000000)
  object space 30208K, 40% used [0x00000000a0000000,0x00000000a0be8310,0x00000000a1d80000)
 Metaspace       used 34602K, capacity 35330K, committed 35456K, reserved 1079296K
  class space    used 4731K, capacity 4925K, committed 4992K, reserved 1048576K
Event: 20.776 GC heap after
Heap after GC invocations=11 (full 1):
 PSYoungGen      total 181248K, used 9776K [0x00000000e0000000, 0x00000000ebe80000, 0x0000000100000000)
  eden space 169472K, 0% used [0x00000000e0000000,0x00000000e0000000,0x00000000ea580000)
  from space 11776K, 83% used [0x00000000eb200000,0x00000000ebb8c330,0x00000000ebd80000)
  to   space 12800K, 0% used [0x00000000ea580000,0x00000000ea580000,0x00000000eb200000)
 ParOldGen       total 30208K, used 12200K [0x00000000a0000000, 0x00000000a1d80000, 0x00000000e0000000)
  object space 30208K, 40% used [0x00000000a0000000,0x00000000a0bea310,0x00000000a1d80000)
 Metaspace       used 34602K, capacity 35330K, committed 35456K, reserved 1079296K
  class space    used 4731K, capacity 4925K, committed 4992K, reserved 1048576K
}
Event: 20.776 GC heap before
{Heap before GC invocations=12 (full 2):
 PSYoungGen      total 181248K, used 9776K [0x00000000e0000000, 0x00000000ebe80000, 0x0000000100000000)
  eden space 169472K, 0% used [0x00000000e0000000,0x00000000e0000000,0x00000000ea580000)
  from space 11776K, 83% used [0x00000000eb200000,0x00000000ebb8c330,0x00000000ebd80000)
  to   space 12800K, 0% used [0x00000000ea580000,0x00000000ea580000,0x00000000eb200000)
 ParOldGen       total 30208K, used 12200K [0x00000000a0000000, 0x00000000a1d80000, 0x00000000e0000000)
  object space 30208K, 40% used [0x00000000a0000000,0x00000000a0bea310,0x00000000a1d80000)
 Metaspace       used 34602K, capacity 35330K, committed 35456K, reserved 1079296K
  class space    used 4731K, capacity 4925K, committed 4992K, reserved 1048576K
Event: 20.979 GC heap after
Heap after GC invocations=12 (full 2):
 PSYoungGen      total 181248K, used 0K [0x00000000e0000000, 0x00000000ebe80000, 0x0000000100000000)
  eden space 169472K, 0% used [0x00000000e0000000,0x00000000e0000000,0x00000000ea580000)
  from space 11776K, 0% used [0x00000000eb200000,0x00000000eb200000,0x00000000ebd80000)
  to   space 12800K, 0% used [0x00000000ea580000,0x00000000ea580000,0x00000000eb200000)
 ParOldGen       total 48640K, used 16885K [0x00000000a0000000, 0x00000000a2f80000, 0x00000000e0000000)
  object space 48640K, 34% used [0x00000000a0000000,0x00000000a107d418,0x00000000a2f80000)
 Metaspace       used 34599K, capacity 35324K, committed 35456K, reserved 1079296K
  class space    used 4729K, capacity 4923K, committed 4992K, reserved 1048576K
}
Event: 37.241 GC heap before
{Heap before GC invocations=13 (full 2):
 PSYoungGen      total 181248K, used 169472K [0x00000000e0000000, 0x00000000ebe80000, 0x0000000100000000)
  eden space 169472K, 100% used [0x00000000e0000000,0x00000000ea580000,0x00000000ea580000)
  from space 11776K, 0% used [0x00000000eb200000,0x00000000eb200000,0x00000000ebd80000)
  to   space 12800K, 0% used [0x00000000ea580000,0x00000000ea580000,0x00000000eb200000)
 ParOldGen       total 48640K, used 16885K [0x00000000a0000000, 0x00000000a2f80000, 0x00000000e0000000)
  object space 48640K, 34% used [0x00000000a0000000,0x00000000a107d418,0x00000000a2f80000)
 Metaspace       used 48550K, capacity 49884K, committed 50048K, reserved 1093632K
  class space    used 6430K, capacity 6741K, committed 6784K, reserved 1048576K
Event: 37.289 GC heap after
Heap after GC invocations=13 (full 2):
 PSYoungGen      total 182272K, used 12798K [0x00000000e0000000, 0x00000000efc80000, 0x0000000100000000)
  eden space 169472K, 0% used [0x00000000e0000000,0x00000000e0000000,0x00000000ea580000)
  from space 12800K, 99% used [0x00000000ea580000,0x00000000eb1ffa78,0x00000000eb200000)
  to   space 17408K, 0% used [0x00000000eeb80000,0x00000000eeb80000,0x00000000efc80000)
 ParOldGen       total 48640K, used 23792K [0x00000000a0000000, 0x00000000a2f80000, 0x00000000e0000000)
  object space 48640K, 48% used [0x00000000a0000000,0x00000000a173c250,0x00000000a2f80000)
 Metaspace       used 48550K, capacity 49884K, committed 50048K, reserved 1093632K
  class space    used 6430K, capacity 6741K, committed 6784K, reserved 1048576K
}
Event: 44.776 GC heap before
{Heap before GC invocations=14 (full 2):
 PSYoungGen      total 182272K, used 124653K [0x00000000e0000000, 0x00000000efc80000, 0x0000000100000000)
  eden space 169472K, 66% used [0x00000000e0000000,0x00000000e6d3bd38,0x00000000ea580000)
  from space 12800K, 99% used [0x00000000ea580000,0x00000000eb1ffa78,0x00000000eb200000)
  to   space 17408K, 0% used [0x00000000eeb80000,0x00000000eeb80000,0x00000000efc80000)
 ParOldGen       total 48640K, used 23792K [0x00000000a0000000, 0x00000000a2f80000, 0x00000000e0000000)
  object space 48640K, 48% used [0x00000000a0000000,0x00000000a173c250,0x00000000a2f80000)
 Metaspace       used 57073K, capacity 58996K, committed 59096K, reserved 1099776K
  class space    used 7646K, capacity 8071K, committed 8152K, reserved 1048576K
Event: 44.846 GC heap after
Heap after GC invocations=14 (full 2):
 PSYoungGen      total 236032K, used 12563K [0x00000000e0000000, 0x00000000efb00000, 0x0000000100000000)
  eden space 220160K, 0% used [0x00000000e0000000,0x00000000e0000000,0x00000000ed700000)
  from space 15872K, 79% used [0x00000000eeb80000,0x00000000ef7c4f58,0x00000000efb00000)
  to   space 18432K, 0% used [0x00000000ed700000,0x00000000ed700000,0x00000000ee900000)
 ParOldGen       total 48640K, used 32406K [0x00000000a0000000, 0x00000000a2f80000, 0x00000000e0000000)
  object space 48640K, 66% used [0x00000000a0000000,0x00000000a1fa5bb8,0x00000000a2f80000)
 Metaspace       used 57073K, capacity 58996K, committed 59096K, reserved 1099776K
  class space    used 7646K, capacity 8071K, committed 8152K, reserved 1048576K
}
Event: 44.846 GC heap before
{Heap before GC invocations=15 (full 3):
 PSYoungGen      total 236032K, used 12563K [0x00000000e0000000, 0x00000000efb00000, 0x0000000100000000)
  eden space 220160K, 0% used [0x00000000e0000000,0x00000000e0000000,0x00000000ed700000)
  from space 15872K, 79% used [0x00000000eeb80000,0x00000000ef7c4f58,0x00000000efb00000)
  to   space 18432K, 0% used [0x00000000ed700000,0x00000000ed700000,0x00000000ee900000)
 ParOldGen       total 48640K, used 32406K [0x00000000a0000000, 0x00000000a2f80000, 0x00000000e0000000)
  object space 48640K, 66% used [0x00000000a0000000,0x00000000a1fa5bb8,0x00000000a2f80000)
 Metaspace       used 57073K, capacity 58996K, committed 59096K, reserved 1099776K
  class space    used 7646K, capacity 8071K, committed 8152K, reserved 1048576K
Event: 45.500 GC heap after
Heap after GC invocations=15 (full 3):
 PSYoungGen      total 236032K, used 0K [0x00000000e0000000, 0x00000000efb00000, 0x0000000100000000)
  eden space 220160K, 0% used [0x00000000e0000000,0x00000000e0000000,0x00000000ed700000)
  from space 15872K, 0% used [0x00000000eeb80000,0x00000000eeb80000,0x00000000efb00000)
  to   space 18432K, 0% used [0x00000000ed700000,0x00000000ed700000,0x00000000ee900000)
 ParOldGen       total 78848K, used 34989K [0x00000000a0000000, 0x00000000a4d00000, 0x00000000e0000000)
  object space 78848K, 44% used [0x00000000a0000000,0x00000000a222b7a8,0x00000000a4d00000)
 Metaspace       used 57007K, capacity 58842K, committed 59096K, reserved 1099776K
  class space    used 7626K, capacity 8046K, committed 8152K, reserved 1048576K
}

